0 info it worked if it ends with ok
1 verbose cli [ '/usr/bin/node', '/usr/bin/npm', 'start', '--port', '7610' ]
2 info using npm@3.5.2
3 info using node@v8.10.0
4 verbose run-script [ 'prestart', 'start', 'poststart' ]
5 info lifecycle yellowish-app@~prestart: yellowish-app@
6 silly lifecycle yellowish-app@~prestart: no script for prestart, continuing
7 info lifecycle yellowish-app@~start: yellowish-app@
8 verbose lifecycle yellowish-app@~start: unsafe-perm in lifecycle true
9 verbose lifecycle yellowish-app@~start: PATH: /usr/share/npm/bin/node-gyp-bin:/home/oyetoke/yellowish/node_modules/.bin:/home/oyetoke/.local/bin:/home/oyetoke/.local/bin:/usr/local/sbin:/usr/local/bin:/usr/sbin:/usr/bin:/sbin:/bin:/usr/games:/usr/local/games:/snap/bin:/usr/lib/jvm/java-10-oracle/bin:/usr/lib/jvm/java-10-oracle/db/bin:/usr/lib/jvm/java-10-oracle/bin:/usr/lib/jvm/java-10-oracle/db/bin
10 verbose lifecycle yellowish-app@~start: CWD: /home/oyetoke/yellowish
11 silly lifecycle yellowish-app@~start: Args: [ '-c', 'meteor run "7610"' ]
12 silly lifecycle yellowish-app@~start: Returned: code: 1  signal: null
13 info lifecycle yellowish-app@~start: Failed to exec start script
14 verbose stack Error: yellowish-app@ start: `meteor run "7610"`
14 verbose stack Exit status 1
14 verbose stack     at EventEmitter.<anonymous> (/usr/share/npm/lib/utils/lifecycle.js:232:16)
14 verbose stack     at emitTwo (events.js:126:13)
14 verbose stack     at EventEmitter.emit (events.js:214:7)
14 verbose stack     at ChildProcess.<anonymous> (/usr/share/npm/lib/utils/spawn.js:24:14)
14 verbose stack     at emitTwo (events.js:126:13)
14 verbose stack     at ChildProcess.emit (events.js:214:7)
14 verbose stack     at maybeClose (internal/child_process.js:925:16)
14 verbose stack     at Process.ChildProcess._handle.onexit (internal/child_process.js:209:5)
15 verbose pkgid yellowish-app@
16 verbose cwd /home/oyetoke/yellowish
17 error Linux 4.15.0-36-generic
18 error argv "/usr/bin/node" "/usr/bin/npm" "start" "--port" "7610"
19 error node v8.10.0
20 error npm  v3.5.2
21 error code ELIFECYCLE
22 error yellowish-app@ start: `meteor run "7610"`
22 error Exit status 1
23 error Failed at the yellowish-app@ start script 'meteor run "7610"'.
23 error Make sure you have the latest version of node.js and npm installed.
23 error If you do, this is most likely a problem with the yellowish-app package,
23 error not with npm itself.
23 error Tell the author that this fails on your system:
23 error     meteor run "7610"
23 error You can get information on how to open an issue for this project with:
23 error     npm bugs yellowish-app
23 error Or if that isn't available, you can get their info via:
23 error     npm owner ls yellowish-app
23 error There is likely additional logging output above.
24 verbose exit [ 1, true ]
